yckj1989:(last_corrected_id_index)6(add)5 20190612#0#Living my dream+0 (delete)(quality)good

yckj1989:(last_corrected_id_index)4(add)7 20190612#0#RUBA ZAI+0 (delete)(quality)good

yckj1989:(last_corrected_id_index)3(add)18 20190612#0#Y A S M I N E S I M O N E+0 167 20190612#0#wuyana_cc+0 (delete)(quality)good

yckj1989:(last_corrected_id_index)15(add)167 20190612#0#wuyana_cc+0 (delete)(quality)good

yckj1989:(last_corrected_id_index)19(add)96 20190612#0#lil0_57278070_1+0 (delete)(quality)good

yckj1989:(last_corrected_id_index)20(add)109 20190612#0#menna_+0 (delete)(quality)good

yckj1989:(last_corrected_id_index)27(add)43 20190612#0#blouseyahgosok_melaka+0 (delete)(quality)good

yckj1989:(last_corrected_id_index)29(add)19 20190612#0#_2zzozz2_+0 (delete)(quality)good

yckj1989:(last_corrected_id_index)40(add)80 20190612#0#iraq.relax_1+0 (delete)(quality)good

yckj1989:(last_corrected_id_index)41(add)75 20190612#0#hijjabstylishh_+0 (delete)(quality)good

yckj1989:(last_corrected_id_index)44(add)5 20190612#0#Living my dream+0 (delete)(quality)good

yckj1989:(last_corrected_id_index)45(add)120 20190612#0#nesma_546+0 50 20190612#0#effgyjiko_ooli+0 (delete)(quality)good

yckj1989:(last_corrected_id_index)46(add)133 20190612#0#pinjaman_agunan+0 113 20190612#0#muslindd+0 (delete)(quality)good

yckj1989:(last_corrected_id_index)52(add)171 20190612#0#yuijjki_kiks+0 (delete)(quality)good

yckj1989:(last_corrected_id_index)59(add)80 20190612#0#iraq.relax_1+0 (delete)(quality)good

yckj1989:(last_corrected_id_index)61(add)(delete)(quality)bad

yckj1989:(last_corrected_id_index)63(add)142 20190612#0#rirooshop+0 158 20190612#0#suitiour+0 (delete)(quality)good

yckj1989:(last_corrected_id_index)65(add)5 20190612#0#Living my dream+0 (delete)(quality)good

yckj1989:(last_corrected_id_index)68(add)85 20190612#0#jarmdsinge+0 (delete)(quality)good

yckj1989:(last_corrected_id_index)16(add)92 20190612#0#lafee_sonia+0 (delete)(quality)good

yckj1989:(last_corrected_id_index)61(add)120 20190612#0#nesma_546+0 45 20190612#0#dalia_yujk_dfyj+0 (delete)(quality)bad

yckj1989:(last_corrected_id_index)61(add)109 20190612#0#menna_+0 (delete)(quality)bad

yckj1989:(last_corrected_id_index)70(add)166 20190612#0#vika_nur_r+0 142 20190612#0#rirooshop+0 (delete)(quality)good

test:(last_corrected_id_index)1(add)(delete)0 20190612#0#1reyhacelik+0 (quality)good

test:(last_corrected_id_index)150(add)(delete)26 20190612#0#aelseikh+0 (quality)good

test:(last_corrected_id_index)11(add)8 20190612#0#S A I M A K H A N+0 (delete)(quality)good

test:(last_corrected_id_index)50(add)19 20190612#0#_2zzozz2_+0 96 20190612#0#lil0_57278070_1+0 (delete)(quality)good

test:(last_corrected_id_index)51(add)30 20190612#0#aill_opo_ti+0 (delete)(quality)good

yckj1989:(last_corrected_id_index)50(add)(delete)96 20190612#0#lil0_57278070_1+0 19 20190612#0#_2zzozz2_+0 (quality)good

yckj1989:(last_corrected_id_index)51(add)(delete)30 20190612#0#aill_opo_ti+0 (quality)good

